<?xml version="1.0" encoding="UTF-8"?>
<!-- Generated by org.testng.reporters.JUnitReportReporter -->
<testsuite hostname="DESKTOP-GOFGMSM" failures="0" tests="4" name="idiendhya.Samescriptmultiple" time="0.020" errors="0" timestamp="2023-01-13T15:17:07 IST" skipped="1">
  <testcase classname="idiendhya.Samescriptmultiple" name="createcontact" time="0.006"/>
  <system-out/>
  <testcase classname="idiendhya.Samescriptmultiple" name="createcontact" time="0.011"/>
  <system-out/>
  <testcase classname="idiendhya.Samescriptmultiple" name="createcontact" time="0.003"/>
  <system-out/>
  <testcase classname="idiendhya.Samescriptmultiple" name="deletecontact">
    <skipped/>
  </testcase> <!-- deletecontact -->
  <system-out/>
</testsuite> <!-- idiendhya.Samescriptmultiple -->
