<?xml version="1.0" encoding="UTF-8"?>
<!-- Generated by org.testng.reporters.JUnitReportReporter -->
<testsuite hostname="DESKTOP-GOFGMSM" failures="0" tests="3" name="idiendhya.Annotationsss" time="0.034" errors="0" timestamp="2023-01-27T19:35:51 IST" skipped="0">
  <testcase classname="idiendhya.Annotationsss" name="createcontact" time="0.024"/>
  <system-out/>
  <testcase classname="idiendhya.Annotationsss" name="modifycontact" time="0.005"/>
  <system-out/>
  <testcase classname="idiendhya.Annotationsss" name="deletecontact" time="0.005"/>
  <system-out/>
</testsuite> <!-- idiendhya.Annotationsss -->
