<?xml version="1.0" encoding="UTF-8"?>
<!-- Generated by org.testng.reporters.JUnitReportReporter -->
<testsuite hostname="DESKTOP-GOFGMSM" failures="0" tests="3" name="idiendhya.Orderofexecution" time="0.020" errors="0" timestamp="2023-01-12T20:38:34 IST" skipped="0">
  <testcase classname="idiendhya.Orderofexecution" name="modifycontact" time="0.002"/>
  <system-out/>
  <testcase classname="idiendhya.Orderofexecution" name="deletecontact" time="0.002"/>
  <system-out/>
  <testcase classname="idiendhya.Orderofexecution" name="createcontact" time="0.016"/>
  <system-out/>
</testsuite> <!-- idiendhya.Orderofexecution -->
