<?xml version="1.0" encoding="UTF-8"?>
<!-- Generated by org.testng.reporters.JUnitReportReporter -->
<testsuite hostname="DESKTOP-GOFGMSM" failures="0" tests="1" name="idiendhya.Assertionss" time="81.028" errors="0" timestamp="2023-01-25T17:44:22 IST" skipped="0">
  <testcase classname="idiendhya.Assertionss" name="test1" time="81.028"/>
  <system-out/>
</testsuite> <!-- idiendhya.Assertionss -->
