<?xml version="1.0" encoding="UTF-8"?>
<!-- Generated by org.testng.reporters.JUnitReportReporter -->
<testsuite hostname="DESKTOP-GOFGMSM" failures="0" tests="1" name="idiendhya.Today" time="0.020" errors="0" timestamp="2023-01-12T11:14:53 IST" skipped="0">
  <testcase classname="idiendhya.Today" name="test" time="0.020"/>
  <system-out>
    <![CDATA[1]]>
  </system-out>
</testsuite> <!-- idiendhya.Today -->
