<?xml version="1.0" encoding="UTF-8"?>
<!-- Generated by org.testng.reporters.JUnitReportReporter -->
<testsuite hostname="Prathapreddy" failures="0" tests="1" name="idiendhya.Today" time="0.012" errors="0" timestamp="2023-07-26T17:17:09 IST" skipped="0">
  <testcase classname="idiendhya.Today" name="test" time="0.012"/>
  <system-out>
    <![CDATA[1]]>
  </system-out>
</testsuite> <!-- idiendhya.Today -->
